<?xml version="1.0" encoding="UTF-8"?>
<!-- Generated by org.testng.reporters.JUnitReportReporter -->
<testsuite hostname="LovekeshMadaan.local" failures="0" tests="1" name="restassured.restassured.TC003_PUT" time="2.978" errors="0" timestamp="15 Jan 2020 15:43:39 GMT" skipped="0">
  <testcase classname="restassured.restassured.TC003_PUT" name="put_data" time="2.978"/>
</testsuite> <!-- restassured.restassured.TC003_PUT -->
