<?xml version="1.0" encoding="UTF-8"?>
<!-- Generated by org.testng.reporters.JUnitReportReporter -->
<testsuite hostname="LovekeshMadaan.local" failures="0" tests="2" name="restassured.restassured.TC_002_POST" time="4.183" errors="0" timestamp="15 Jan 2020 10:23:18 GMT" skipped="0">
  <testcase classname="restassured.restassured.TC_002_POST" name="insert_details" time="0.985"/>
  <testcase classname="restassured.restassured.TC_002_POST" name="insert_details" time="3.198"/>
</testsuite> <!-- restassured.restassured.TC_002_POST -->
