<?xml version="1.0" encoding="UTF-8"?>
<!-- Generated by org.testng.reporters.JUnitReportReporter -->
<testsuite hostname="LovekeshMadaan.local" failures="0" tests="1" name="restassured.restassured.TC001_GET" time="2.864" errors="0" timestamp="15 Jan 2020 07:13:11 GMT" skipped="0">
  <testcase classname="restassured.restassured.TC001_GET" name="getdetails" time="2.864"/>
</testsuite> <!-- restassured.restassured.TC001_GET -->
