<?xml version="1.0" encoding="UTF-8"?>
<!-- Generated by org.testng.reporters.JUnitReportReporter -->
<testsuite hostname="LovekeshMadaan.local" failures="0" tests="1" name="restassured.restassured.TC004_DELETE" time="2.953" errors="0" timestamp="15 Jan 2020 15:47:13 GMT" skipped="0">
  <testcase classname="restassured.restassured.TC004_DELETE" name="delete_data" time="2.953"/>
</testsuite> <!-- restassured.restassured.TC004_DELETE -->
