<?xml version="1.0" encoding="UTF-8"?>
<!-- Generated by org.testng.reporters.JUnitReportReporter -->
<testsuite hostname="LovekeshMadaan.local" failures="0" tests="5" name="DATA_DRIVEN.INSERT_DATA_DRIVEN" time="6.611" errors="0" timestamp="16 Jan 2020 05:27:20 GMT" skipped="0">
  <testcase classname="DATA_DRIVEN.INSERT_DATA_DRIVEN" name="insert_details" time="0.965"/>
  <testcase classname="DATA_DRIVEN.INSERT_DATA_DRIVEN" name="setdata" time="0.041"/>
  <testcase classname="DATA_DRIVEN.INSERT_DATA_DRIVEN" name="insert_details" time="0.980"/>
  <testcase classname="DATA_DRIVEN.INSERT_DATA_DRIVEN" name="insert_details" time="1.181"/>
  <testcase classname="DATA_DRIVEN.INSERT_DATA_DRIVEN" name="insert_details" time="3.444"/>
</testsuite> <!-- DATA_DRIVEN.INSERT_DATA_DRIVEN -->
